#
# There is insufficient memory for the Java Runtime Environment to continue.
# Native memory allocation (malloc) failed to allocate 1048576 bytes. Error detail: AllocateHeap
# Possible reasons:
#   The system is out of physical RAM or swap space
#   This process is running with CompressedOops enabled, and the Java Heap may be blocking the growth of the native heap
# Possible solutions:
#   Reduce memory load on the system
#   Increase physical memory or swap space
#   Check if swap backing store is full
#   Decrease Java heap size (-Xmx/-Xms)
#   Decrease number of Java threads
#   Decrease Java thread stack sizes (-Xss)
#   Set larger code cache with -XX:ReservedCodeCacheSize=
#   JVM is running with Unscaled Compressed Oops mode in which the Java heap is
#     placed in the first 4GB address space. The Java Heap base address is the
#     maximum limit for the native heap growth. Please use -XX:HeapBaseMinAddress
#     to set the Java Heap base and to place the Java Heap above 4GB virtual address.
# This output file may be truncated or incomplete.
#
#  Out of Memory Error (allocation.cpp:44), pid=22588, tid=25260
#
# JRE version: OpenJDK Runtime Environment Temurin-21.0.10+7 (21.0.10+7) (build 21.0.10+7-LTS)
# Java VM: OpenJDK 64-Bit Server VM Temurin-21.0.10+7 (21.0.10+7-LTS, mixed mode, sharing, tiered, compressed oops, compressed class ptrs, parallel gc, windows-amd64)
# No core dump will be written. Minidumps are not enabled by default on client versions of Windows
#

---------------  S U M M A R Y ------------

Command Line: --add-modules=ALL-SYSTEM --add-opens=java.base/java.util=ALL-UNNAMED --add-opens=java.base/java.lang=ALL-UNNAMED --add-opens=java.base/sun.nio.fs=ALL-UNNAMED -Declipse.application=org.eclipse.jdt.ls.core.id1 -Dosgi.bundles.defaultStartLevel=4 -Declipse.product=org.eclipse.jdt.ls.core.product -Djava.import.generatesMetadataFilesAtProjectRoot=false -DDetectVMInstallationsJob.disabled=true -Dfile.encoding=utf8 -XX:+UseParallelGC -XX:GCTimeRatio=4 -XX:AdaptiveSizePolicyWeight=90 -Dsun.zip.disableMemoryMapping=true -Xmx2G -Xms100m -Xlog:disable -javaagent:c:\Users\Asus\.vscode\extensions\redhat.java-1.53.0-win32-x64\lombok\lombok-1.18.39-4050.jar -XX:+HeapDumpOnOutOfMemoryError -XX:HeapDumpPath=c:\Users\Asus\AppData\Roaming\Code\User\workspaceStorage\df0c87b805ce22f94df7b7e856819e1e\redhat.java -Daether.dependencyCollector.impl=bf c:\Users\Asus\.vscode\extensions\redhat.java-1.53.0-win32-x64\server\plugins\org.eclipse.equinox.launcher_1.7.100.v20251111-0406.jar -configuration c:\Users\Asus\AppData\Roaming\Code\User\globalStorage\redhat.java\1.53.0\config_win -data c:\Users\Asus\AppData\Roaming\Code\User\workspaceStorage\df0c87b805ce22f94df7b7e856819e1e\redhat.java\jdt_ws --pipe=\\.\pipe\lsp-7c22ab6cec4ba1a4458fa59322404546-sock

Host: 12th Gen Intel(R) Core(TM) i5-12500H, 16 cores, 15G,  Windows 11 , 64 bit Build 26100 (10.0.26100.7920)
Time: Thu Apr  9 12:42:21 2026 Sri Lanka Standard Time elapsed time: 312197.893583 seconds (3d 14h 43m 17s)

---------------  T H R E A D  ---------------

Current thread (0x0000019704378b20):  JavaThread "Attach Listener" daemon [_thread_in_vm, id=25260, stack(0x0000008dde400000,0x0000008dde500000) (1024K)]

Stack: [0x0000008dde400000,0x0000008dde500000]
Native frames: (J=compiled Java code, j=interpreted, Vv=VM code, C=native code)
V  [jvm.dll+0x6d7a39]
V  [jvm.dll+0x8b4b26]
V  [jvm.dll+0x8b70de]
V  [jvm.dll+0x8b77c3]
V  [jvm.dll+0x284346]
V  [jvm.dll+0xc1277]
V  [jvm.dll+0x6d82e9]
V  [jvm.dll+0x1334a6]
V  [jvm.dll+0x3f857e]
V  [jvm.dll+0x85f59d]
V  [jvm.dll+0x6d626d]
C  [ucrtbase.dll+0x37b0]
C  [KERNEL32.DLL+0x2e8d7]
C  [ntdll.dll+0x8c48c]


---------------  P R O C E S S  ---------------

Threads class SMR info:
_java_thread_list=0x00000197655a14a0, length=43, elements={
0x00000197042d1a80, 0x00000197043733e0, 0x000001971ad7c2c0, 0x0000019704375d80,
0x0000019704378b20, 0x000001970437d380, 0x000001975d1b4f60, 0x000001970438e5f0,
0x000001975d1c8020, 0x000001975d3e3d50, 0x0000019763030fd0, 0x00000197633e4210,
0x00000197638ca3e0, 0x00000197631a9260, 0x00000197634987a0, 0x0000019763fad8d0,
0x0000019763444f20, 0x00000197632a7df0, 0x0000019763d9d8e0, 0x0000019763d9df70,
0x0000019763d9e600, 0x0000019767a93980, 0x0000019767a94010, 0x0000019767a946a0,
0x0000019767a91f40, 0x0000019767a925d0, 0x0000019767a94d30, 0x0000019767a953c0,
0x0000019767a95a50, 0x0000019767a932f0, 0x0000019767a960e0, 0x0000019767a92c60,
0x0000019767a96e00, 0x0000019767a97490, 0x0000019767a981b0, 0x0000019767a97b20,
0x0000019767a98840, 0x0000019767a98ed0, 0x0000019767a99560, 0x00000197681a6a70,
0x0000019764915420, 0x00000197630de190, 0x000001976716c700
}

Java Threads: ( => current thread )
  0x00000197042d1a80 JavaThread "main"                              [_thread_blocked, id=23480, stack(0x0000008dddd00000,0x0000008ddde00000) (1024K)]
  0x00000197043733e0 JavaThread "Reference Handler"          daemon [_thread_blocked, id=20828, stack(0x0000008dde100000,0x0000008dde200000) (1024K)]
  0x000001971ad7c2c0 JavaThread "Finalizer"                  daemon [_thread_blocked, id=25252, stack(0x0000008dde200000,0x0000008dde300000) (1024K)]
  0x0000019704375d80 JavaThread "Signal Dispatcher"          daemon [_thread_blocked, id=25256, stack(0x0000008dde300000,0x0000008dde400000) (1024K)]
=>0x0000019704378b20 JavaThread "Attach Listener"            daemon [_thread_in_vm, id=25260, stack(0x0000008dde400000,0x0000008dde500000) (1024K)]
  0x000001970437d380 JavaThread "Service Thread"             daemon [_thread_blocked, id=25276, stack(0x0000008dde500000,0x0000008dde600000) (1024K)]
  0x000001975d1b4f60 JavaThread "Monitor Deflation Thread"   daemon [_thread_blocked, id=25280, stack(0x0000008dde600000,0x0000008dde700000) (1024K)]
  0x000001970438e5f0 JavaThread "C2 CompilerThread0"         daemon [_thread_blocked, id=25284, stack(0x0000008dde700000,0x0000008dde800000) (1024K)]
  0x000001975d1c8020 JavaThread "C1 CompilerThread0"         daemon [_thread_blocked, id=25296, stack(0x0000008dde800000,0x0000008dde900000) (1024K)]
  0x000001975d3e3d50 JavaThread "Common-Cleaner"             daemon [_thread_blocked, id=22348, stack(0x0000008dded00000,0x0000008ddee00000) (1024K)]
  0x0000019763030fd0 JavaThread "Notification Thread"        daemon [_thread_blocked, id=10288, stack(0x0000008ddef00000,0x0000008ddf000000) (1024K)]
  0x00000197633e4210 JavaThread "Active Thread: Equinox Container: c65a1c7e-abe8-4bf1-9af8-e1c9f6d251fd"        [_thread_blocked, id=23244, stack(0x0000008ddf700000,0x0000008ddf800000) (1024K)]
  0x00000197638ca3e0 JavaThread "Refresh Thread: Equinox Container: c65a1c7e-abe8-4bf1-9af8-e1c9f6d251fd" daemon [_thread_blocked, id=14908, stack(0x0000008dde900000,0x0000008ddea00000) (1024K)]
  0x00000197631a9260 JavaThread "Framework Event Dispatcher: Equinox Container: c65a1c7e-abe8-4bf1-9af8-e1c9f6d251fd" daemon [_thread_blocked, id=13904, stack(0x0000008ddea00000,0x0000008ddeb00000) (1024K)]
  0x00000197634987a0 JavaThread "Start Level: Equinox Container: c65a1c7e-abe8-4bf1-9af8-e1c9f6d251fd" daemon [_thread_blocked, id=5424, stack(0x0000008ddeb00000,0x0000008ddec00000) (1024K)]
  0x0000019763fad8d0 JavaThread "Bundle File Closer"         daemon [_thread_blocked, id=20732, stack(0x0000008ddfa00000,0x0000008ddfb00000) (1024K)]
  0x0000019763444f20 JavaThread "SCR Component Actor"        daemon [_thread_blocked, id=21948, stack(0x0000008ddfb00000,0x0000008ddfc00000) (1024K)]
  0x00000197632a7df0 JavaThread "Worker-JM"                         [_thread_blocked, id=27264, stack(0x0000008ddfe00000,0x0000008ddff00000) (1024K)]
  0x0000019763d9d8e0 JavaThread "Java indexing"              daemon [_thread_blocked, id=5832, stack(0x0000008de0500000,0x0000008de0600000) (1024K)]
  0x0000019763d9df70 JavaThread "JNA Cleaner"                daemon [_thread_blocked, id=13172, stack(0x0000008de0700000,0x0000008de0800000) (1024K)]
  0x0000019763d9e600 JavaThread "Thread-1"                   daemon [_thread_in_native, id=13164, stack(0x0000008de0f00000,0x0000008de1000000) (1024K)]
  0x0000019767a93980 JavaThread "Thread-2"                   daemon [_thread_in_native, id=4376, stack(0x0000008de1000000,0x0000008de1100000) (1024K)]
  0x0000019767a94010 JavaThread "Thread-3"                   daemon [_thread_in_native, id=12500, stack(0x0000008de1100000,0x0000008de1200000) (1024K)]
  0x0000019767a946a0 JavaThread "Thread-4"                   daemon [_thread_in_native, id=19948, stack(0x0000008de1200000,0x0000008de1300000) (1024K)]
  0x0000019767a91f40 JavaThread "Thread-5"                   daemon [_thread_in_native, id=23432, stack(0x0000008de1300000,0x0000008de1400000) (1024K)]
  0x0000019767a925d0 JavaThread "Thread-6"                   daemon [_thread_in_native, id=22344, stack(0x0000008de1400000,0x0000008de1500000) (1024K)]
  0x0000019767a94d30 JavaThread "Thread-7"                   daemon [_thread_in_native, id=19736, stack(0x0000008de1500000,0x0000008de1600000) (1024K)]
  0x0000019767a953c0 JavaThread "Thread-8"                   daemon [_thread_in_native, id=512, stack(0x0000008de1600000,0x0000008de1700000) (1024K)]
  0x0000019767a95a50 JavaThread "Thread-9"                   daemon [_thread_in_native, id=14976, stack(0x0000008de1700000,0x0000008de1800000) (1024K)]
  0x0000019767a932f0 JavaThread "Thread-10"                  daemon [_thread_in_native, id=1300, stack(0x0000008de1800000,0x0000008de1900000) (1024K)]
  0x0000019767a960e0 JavaThread "Thread-11"                  daemon [_thread_in_native, id=23616, stack(0x0000008de1900000,0x0000008de1a00000) (1024K)]
  0x0000019767a92c60 JavaThread "Thread-12"                  daemon [_thread_in_native, id=4596, stack(0x0000008de1a00000,0x0000008de1b00000) (1024K)]
  0x0000019767a96e00 JavaThread "Thread-13"                  daemon [_thread_in_native, id=12436, stack(0x0000008de1b00000,0x0000008de1c00000) (1024K)]
  0x0000019767a97490 JavaThread "Thread-14"                  daemon [_thread_in_native, id=24228, stack(0x0000008de1c00000,0x0000008de1d00000) (1024K)]
  0x0000019767a981b0 JavaThread "Thread-15"                  daemon [_thread_in_native, id=20072, stack(0x0000008de1d00000,0x0000008de1e00000) (1024K)]
  0x0000019767a97b20 JavaThread "Thread-16"                  daemon [_thread_in_native, id=23656, stack(0x0000008de1e00000,0x0000008de1f00000) (1024K)]
  0x0000019767a98840 JavaThread "Thread-17"                  daemon [_thread_in_native, id=23412, stack(0x0000008de1f00000,0x0000008de2000000) (1024K)]
  0x0000019767a98ed0 JavaThread "pool-2-thread-1"                   [_thread_blocked, id=23664, stack(0x0000008de2000000,0x0000008de2100000) (1024K)]
  0x0000019767a99560 JavaThread "WorkspaceEventsHandler"            [_thread_blocked, id=9264, stack(0x0000008de2500000,0x0000008de2600000) (1024K)]
  0x00000197681a6a70 JavaThread "pool-1-thread-1"                   [_thread_blocked, id=8828, stack(0x0000008de2600000,0x0000008de2700000) (1024K)]
  0x0000019764915420 JavaThread "Cleaner-0"                  daemon [_thread_blocked, id=12972, stack(0x0000008de0e00000,0x0000008de0f00000) (1024K)]
  0x00000197630de190 JavaThread "Worker-162"                        [_thread_blocked, id=14896, stack(0x0000008ddfd00000,0x0000008ddfe00000) (1024K)]
  0x000001976716c700 JavaThread "Worker-169"                        [_thread_blocked, id=15772, stack(0x0000008de0900000,0x0000008de0a00000) (1024K)]
Total: 43

Other Threads:
  0x000001975d194ba0 VMThread "VM Thread"                           [id=19768, stack(0x0000008dde000000,0x0000008dde100000) (1024K)]
  0x000001971ac5ca00 WatcherThread "VM Periodic Task Thread"        [id=22236, stack(0x0000008dddf00000,0x0000008dde000000) (1024K)]
  0x00000197042f0060 WorkerThread "GC Thread#0"                     [id=23444, stack(0x0000008ddde00000,0x0000008dddf00000) (1024K)]
  0x000001976361c9c0 WorkerThread "GC Thread#1"                     [id=27064, stack(0x0000008ddf100000,0x0000008ddf200000) (1024K)]
  0x0000019763a952a0 WorkerThread "GC Thread#2"                     [id=20216, stack(0x0000008ddf200000,0x0000008ddf300000) (1024K)]
  0x000001976361cd70 WorkerThread "GC Thread#3"                     [id=12588, stack(0x0000008ddf300000,0x0000008ddf400000) (1024K)]
  0x00000197638024a0 WorkerThread "GC Thread#4"                     [id=11128, stack(0x0000008ddf400000,0x0000008ddf500000) (1024K)]
  0x0000019763802850 WorkerThread "GC Thread#5"                     [id=26216, stack(0x0000008ddf500000,0x0000008ddf600000) (1024K)]
  0x0000019763802c00 WorkerThread "GC Thread#6"                     [id=25104, stack(0x0000008ddf600000,0x0000008ddf700000) (1024K)]
  0x000001976384a920 WorkerThread "GC Thread#7"                     [id=22260, stack(0x0000008ddf800000,0x0000008ddf900000) (1024K)]
  0x00000197636112e0 WorkerThread "GC Thread#8"                     [id=4132, stack(0x0000008ddec00000,0x0000008dded00000) (1024K)]
  0x0000019763745d70 WorkerThread "GC Thread#9"                     [id=6480, stack(0x0000008ddee00000,0x0000008ddef00000) (1024K)]
  0x000001975d473f30 WorkerThread "GC Thread#10"                    [id=23900, stack(0x0000008ddf000000,0x0000008ddf100000) (1024K)]
  0x000001976411fa20 WorkerThread "GC Thread#11"                    [id=3060, stack(0x0000008ddff00000,0x0000008de0000000) (1024K)]
  0x000001976411f670 WorkerThread "GC Thread#12"                    [id=6356, stack(0x0000008de0000000,0x0000008de0100000) (1024K)]
Total: 15

Threads with active compile tasks:
Total: 0

VM state: not at safepoint (normal execution)

VM Mutex/Monitor currently owned by a thread: None

Heap address: 0x0000000080000000, size: 2048 MB, Compressed Oops mode: 32-bit

CDS archive(s) mapped at: [0x000001971b000000-0x000001971bba0000-0x000001971bba0000), size 12189696, SharedBaseAddress: 0x000001971b000000, ArchiveRelocationMode: 1.
Compressed class space mapped at: 0x000001971c000000-0x000001975c000000, reserved size: 1073741824
Narrow klass base: 0x000001971b000000, Narrow klass shift: 0, Narrow klass range: 0x100000000

GC Precious Log:
 CardTable entry size: 512
 CPUs: 16 total, 16 available
 Memory: 16004M
 Large Page Support: Disabled
 NUMA Support: Disabled
 Compressed Oops: Enabled (32-bit)
 Alignments: Space 512K, Generation 512K, Heap 2M
 Heap Min Capacity: 100M
 Heap Initial Capacity: 100M
 Heap Max Capacity: 2G
 Pre-touch: Disabled
 Parallel Workers: 13

Heap:
 PSYoungGen      total 2560K, used 1872K [0x00000000d5580000, 0x00000000d5980000, 0x0000000100000000)
  eden space 2048K, 75% used [0x00000000d5580000,0x00000000d5704288,0x00000000d5780000)
  from space 512K, 62% used [0x00000000d5880000,0x00000000d58d0000,0x00000000d5900000)
  to   space 512K, 0% used [0x00000000d5900000,0x00000000d5900000,0x00000000d5980000)
 ParOldGen       total 1103360K, used 1102467K [0x0000000080000000, 0x00000000c3580000, 0x00000000d5580000)
  object space 1103360K, 99% used [0x0000000080000000,0x00000000c34a0f68,0x00000000c3580000)
 Metaspace       used 113397K, committed 115456K, reserved 1179648K
  class space    used 11145K, committed 12096K, reserved 1048576K

Card table byte_map: [0x0000019703c70000,0x0000019704080000] _byte_map_base: 0x0000019703870000

Marking Bits: (ParMarkBitMap*) 0x00007ffb09003450
 Begin Bits: [0x0000019716780000, 0x0000019718780000)
 End Bits:   [0x0000019718780000, 0x000001971a780000)

Polling page: 0x0000019701f20000

Metaspace:

Usage:
  Non-class:     99.86 MB used.
      Class:     10.88 MB used.
       Both:    110.74 MB used.

Virtual space:
  Non-class space:      128.00 MB reserved,     100.94 MB ( 79%) committed,  2 nodes.
      Class space:        1.00 GB reserved,      11.81 MB (  1%) committed,  1 nodes.
             Both:        1.12 GB reserved,     112.75 MB ( 10%) committed. 

Chunk freelists:
   Non-Class:  10.30 MB
       Class:  4.18 MB
        Both:  14.48 MB

MaxMetaspaceSize: unlimited
CompressedClassSpaceSize: 1.00 GB
Initial GC threshold: 21.00 MB
Current GC threshold: 187.12 MB
CDS: on
 - commit_granule_bytes: 65536.
 - commit_granule_words: 8192.
 - virtual_space_node_default_size: 8388608.
 - enlarge_chunks_in_place: 1.
 - use_allocation_guard: 0.


Internal statistics:

num_allocs_failed_limit: 9.
num_arena_births: 2836.
num_arena_deaths: 1060.
num_vsnodes_births: 3.
num_vsnodes_deaths: 0.
num_space_committed: 1871.
num_space_uncommitted: 53.
num_chunks_returned_to_freelist: 1723.
num_chunks_taken_from_freelist: 9415.
num_chunk_merges: 451.
num_chunk_splits: 5185.
num_chunks_enlarged: 2871.
num_inconsistent_stats: 0.

CodeHeap 'non-profiled nmethods': size=119168Kb used=33247Kb max_used=34857Kb free=85920Kb
 bounds [0x000001970f070000, 0x00000197112d0000, 0x00000197164d0000]
CodeHeap 'profiled nmethods': size=119104Kb used=50926Kb max_used=57945Kb free=68177Kb
 bounds [0x00000197074d0000, 0x000001970ad70000, 0x000001970e920000]
CodeHeap 'non-nmethods': size=7488Kb used=1588Kb max_used=3320Kb free=5899Kb
 bounds [0x000001970e920000, 0x000001970ec90000, 0x000001970f070000]
CodeCache: size=245760Kb, used=85761Kb, max_used=96122Kb, free=159996Kb
 total_blobs=22364, nmethods=21444, adapters=819, full_count=0
Compilation: enabled, stopped_count=0, restarted_count=0

Compilation events (20 events):
Event: 305033.772 Thread 0x000001975d1c8020 38137       3       org.codehaus.plexus.util.AbstractScanner::setupMatchPatterns (23 bytes)
Event: 305033.773 Thread 0x000001975d1c8020 nmethod 38137 0x00000197083e0b10 code [0x00000197083e0cc0, 0x00000197083e0e70]
Event: 305033.790 Thread 0x000001975d1c8020 38138       3       java.util.GregorianCalendar::<init> (60 bytes)
Event: 305033.803 Thread 0x000001975d1c8020 nmethod 38138 0x0000019707ce1510 code [0x0000019707ce1700, 0x0000019707ce1b18]
Event: 305330.028 Thread 0x000001975d1c8020 38139       1       org.eclipse.core.internal.resources.SafeFileTable::getWorkspace (5 bytes)
Event: 305330.028 Thread 0x000001975d1c8020 nmethod 38139 0x0000019710df6d10 code [0x0000019710df6ea0, 0x0000019710df6f68]
Event: 305330.029 Thread 0x000001975d1c8020 38140       1       org.eclipse.core.internal.resources.SaveContext::getWorkspace (5 bytes)
Event: 305330.029 Thread 0x000001975d1c8020 nmethod 38140 0x0000019710df6990 code [0x0000019710df6b20, 0x0000019710df6be8]
Event: 305330.031 Thread 0x000001975d1c8020 38141   !   3       org.eclipse.core.internal.resources.SaveManager::executeLifecycle (117 bytes)
Event: 305330.038 Thread 0x000001975d1c8020 nmethod 38141 0x00000197097c2510 code [0x00000197097c27e0, 0x00000197097c33b8]
Event: 305330.065 Thread 0x000001975d1c8020 38142       3       org.eclipse.jdt.internal.launching.JREContainer::getClasspathEntries (80 bytes)
Event: 305330.069 Thread 0x000001975d1c8020 nmethod 38142 0x0000019708930710 code [0x0000019708930960, 0x00000197089310f0]
Event: 305330.085 Thread 0x000001970438e5f0 38143       4       java.util.HashMap::capacity (32 bytes)
Event: 305330.086 Thread 0x000001970438e5f0 nmethod 38143 0x00000197101e8810 code [0x00000197101e89a0, 0x00000197101e8a58]
Event: 305330.101 Thread 0x000001975d1c8020 38144       1       java.io.DataOutputStream::size (5 bytes)
Event: 305330.101 Thread 0x000001975d1c8020 nmethod 38144 0x00000197101e8410 code [0x00000197101e85a0, 0x00000197101e8668]
Event: 305330.103 Thread 0x000001975d1c8020 38145       1       org.eclipse.core.internal.resources.SaveContext::getPluginId (5 bytes)
Event: 305330.104 Thread 0x000001975d1c8020 nmethod 38145 0x0000019710155410 code [0x00000197101555a0, 0x0000019710155668]
Event: 305330.243 Thread 0x000001970438e5f0 38146       4       com.sun.org.apache.xerces.internal.impl.dtd.XMLDTDValidator::getFeatureDefault (36 bytes)
Event: 305330.250 Thread 0x000001970438e5f0 nmethod 38146 0x0000019710154f10 code [0x00000197101550a0, 0x0000019710155318]

GC Heap History (20 events):
Event: 305032.639 GC heap before
{Heap before GC invocations=10377 (full 11):
 PSYoungGen      total 3584K, used 3553K [0x00000000d5580000, 0x00000000d5d80000, 0x0000000100000000)
  eden space 2048K, 100% used [0x00000000d5580000,0x00000000d5780000,0x00000000d5780000)
  from space 1536K, 98% used [0x00000000d5780000,0x00000000d58f87a0,0x00000000d5900000)
  to   space 3072K, 0% used [0x00000000d5a80000,0x00000000d5a80000,0x00000000d5d80000)
 ParOldGen       total 1067008K, used 1066571K [0x0000000080000000, 0x00000000c1200000, 0x00000000d5580000)
  object space 1067008K, 99% used [0x0000000080000000,0x00000000c1192cf8,0x00000000c1200000)
 Metaspace       used 113312K, committed 115328K, reserved 1179648K
  class space    used 11134K, committed 12096K, reserved 1048576K
}
Event: 305032.646 GC heap after
{Heap after GC invocations=10377 (full 11):
 PSYoungGen      total 4096K, used 1823K [0x00000000d5580000, 0x00000000d5c80000, 0x0000000100000000)
  eden space 2048K, 0% used [0x00000000d5580000,0x00000000d5580000,0x00000000d5780000)
  from space 2048K, 89% used [0x00000000d5a80000,0x00000000d5c47f10,0x00000000d5c80000)
  to   space 2560K, 0% used [0x00000000d5780000,0x00000000d5780000,0x00000000d5a00000)
 ParOldGen       total 1068544K, used 1068053K [0x0000000080000000, 0x00000000c1380000, 0x00000000d5580000)
  object space 1068544K, 99% used [0x0000000080000000,0x00000000c13055f8,0x00000000c1380000)
 Metaspace       used 113312K, committed 115328K, reserved 1179648K
  class space    used 11134K, committed 12096K, reserved 1048576K
}
Event: 305032.735 GC heap before
{Heap before GC invocations=10378 (full 11):
 PSYoungGen      total 4096K, used 3871K [0x00000000d5580000, 0x00000000d5c80000, 0x0000000100000000)
  eden space 2048K, 100% used [0x00000000d5580000,0x00000000d5780000,0x00000000d5780000)
  from space 2048K, 89% used [0x00000000d5a80000,0x00000000d5c47f10,0x00000000d5c80000)
  to   space 2560K, 0% used [0x00000000d5780000,0x00000000d5780000,0x00000000d5a00000)
 ParOldGen       total 1068544K, used 1068053K [0x0000000080000000, 0x00000000c1380000, 0x00000000d5580000)
  object space 1068544K, 99% used [0x0000000080000000,0x00000000c13055f8,0x00000000c1380000)
 Metaspace       used 113312K, committed 115328K, reserved 1179648K
  class space    used 11134K, committed 12096K, reserved 1048576K
}
Event: 305032.742 GC heap after
{Heap after GC invocations=10378 (full 11):
 PSYoungGen      total 3072K, used 672K [0x00000000d5580000, 0x00000000d5b00000, 0x0000000100000000)
  eden space 2048K, 0% used [0x00000000d5580000,0x00000000d5580000,0x00000000d5780000)
  from space 1024K, 65% used [0x00000000d5780000,0x00000000d5828000,0x00000000d5880000)
  to   space 1536K, 0% used [0x00000000d5980000,0x00000000d5980000,0x00000000d5b00000)
 ParOldGen       total 1070080K, used 1069650K [0x0000000080000000, 0x00000000c1500000, 0x00000000d5580000)
  object space 1070080K, 99% used [0x0000000080000000,0x00000000c1494a40,0x00000000c1500000)
 Metaspace       used 113312K, committed 115328K, reserved 1179648K
  class space    used 11134K, committed 12096K, reserved 1048576K
}
Event: 305032.808 GC heap before
{Heap before GC invocations=10379 (full 11):
 PSYoungGen      total 3072K, used 2720K [0x00000000d5580000, 0x00000000d5b00000, 0x0000000100000000)
  eden space 2048K, 100% used [0x00000000d5580000,0x00000000d5780000,0x00000000d5780000)
  from space 1024K, 65% used [0x00000000d5780000,0x00000000d5828000,0x00000000d5880000)
  to   space 1536K, 0% used [0x00000000d5980000,0x00000000d5980000,0x00000000d5b00000)
 ParOldGen       total 1070080K, used 1069650K [0x0000000080000000, 0x00000000c1500000, 0x00000000d5580000)
  object space 1070080K, 99% used [0x0000000080000000,0x00000000c1494a40,0x00000000c1500000)
 Metaspace       used 113312K, committed 115328K, reserved 1179648K
  class space    used 11134K, committed 12096K, reserved 1048576K
}
Event: 305032.817 GC heap after
{Heap after GC invocations=10379 (full 11):
 PSYoungGen      total 2560K, used 416K [0x00000000d5580000, 0x00000000d5a00000, 0x0000000100000000)
  eden space 2048K, 0% used [0x00000000d5580000,0x00000000d5580000,0x00000000d5780000)
  from space 512K, 81% used [0x00000000d5980000,0x00000000d59e8000,0x00000000d5a00000)
  to   space 1024K, 0% used [0x00000000d5800000,0x00000000d5800000,0x00000000d5900000)
 ParOldGen       total 1070592K, used 1070086K [0x0000000080000000, 0x00000000c1580000, 0x00000000d5580000)
  object space 1070592K, 99% used [0x0000000080000000,0x00000000c1501a50,0x00000000c1580000)
 Metaspace       used 113312K, committed 115328K, reserved 1179648K
  class space    used 11134K, committed 12096K, reserved 1048576K
}
Event: 305032.843 GC heap before
{Heap before GC invocations=10380 (full 11):
 PSYoungGen      total 2560K, used 2463K [0x00000000d5580000, 0x00000000d5a00000, 0x0000000100000000)
  eden space 2048K, 99% used [0x00000000d5580000,0x00000000d577ffb8,0x00000000d5780000)
  from space 512K, 81% used [0x00000000d5980000,0x00000000d59e8000,0x00000000d5a00000)
  to   space 1024K, 0% used [0x00000000d5800000,0x00000000d5800000,0x00000000d5900000)
 ParOldGen       total 1070592K, used 1070086K [0x0000000080000000, 0x00000000c1580000, 0x00000000d5580000)
  object space 1070592K, 99% used [0x0000000080000000,0x00000000c1501a50,0x00000000c1580000)
 Metaspace       used 113312K, committed 115328K, reserved 1179648K
  class space    used 11134K, committed 12096K, reserved 1048576K
}
Event: 305032.851 GC heap after
{Heap after GC invocations=10380 (full 11):
 PSYoungGen      total 3072K, used 416K [0x00000000d5580000, 0x00000000d5a00000, 0x0000000100000000)
  eden space 2048K, 0% used [0x00000000d5580000,0x00000000d5580000,0x00000000d5780000)
  from space 1024K, 40% used [0x00000000d5800000,0x00000000d5868000,0x00000000d5900000)
  to   space 512K, 0% used [0x00000000d5980000,0x00000000d5980000,0x00000000d5a00000)
 ParOldGen       total 1070592K, used 1070270K [0x0000000080000000, 0x00000000c1580000, 0x00000000d5580000)
  object space 1070592K, 99% used [0x0000000080000000,0x00000000c152fa70,0x00000000c1580000)
 Metaspace       used 113312K, committed 115328K, reserved 1179648K
  class space    used 11134K, committed 12096K, reserved 1048576K
}
Event: 305032.900 GC heap before
{Heap before GC invocations=10381 (full 11):
 PSYoungGen      total 3072K, used 2464K [0x00000000d5580000, 0x00000000d5a00000, 0x0000000100000000)
  eden space 2048K, 100% used [0x00000000d5580000,0x00000000d5780000,0x00000000d5780000)
  from space 1024K, 40% used [0x00000000d5800000,0x00000000d5868000,0x00000000d5900000)
  to   space 512K, 0% used [0x00000000d5980000,0x00000000d5980000,0x00000000d5a00000)
 ParOldGen       total 1070592K, used 1070270K [0x0000000080000000, 0x00000000c1580000, 0x00000000d5580000)
  object space 1070592K, 99% used [0x0000000080000000,0x00000000c152fa70,0x00000000c1580000)
 Metaspace       used 113312K, committed 115328K, reserved 1179648K
  class space    used 11134K, committed 12096K, reserved 1048576K
}
Event: 305032.904 GC heap after
{Heap after GC invocations=10381 (full 11):
 PSYoungGen      total 2560K, used 464K [0x00000000d5580000, 0x00000000d5a00000, 0x0000000100000000)
  eden space 2048K, 0% used [0x00000000d5580000,0x00000000d5580000,0x00000000d5780000)
  from space 512K, 90% used [0x00000000d5980000,0x00000000d59f4010,0x00000000d5a00000)
  to   space 512K, 0% used [0x00000000d5900000,0x00000000d5900000,0x00000000d5980000)
 ParOldGen       total 1070592K, used 1070494K [0x0000000080000000, 0x00000000c1580000, 0x00000000d5580000)
  object space 1070592K, 99% used [0x0000000080000000,0x00000000c1567a90,0x00000000c1580000)
 Metaspace       used 113312K, committed 115328K, reserved 1179648K
  class space    used 11134K, committed 12096K, reserved 1048576K
}
Event: 305032.915 GC heap before
{Heap before GC invocations=10382 (full 11):
 PSYoungGen      total 2560K, used 2512K [0x00000000d5580000, 0x00000000d5a00000, 0x0000000100000000)
  eden space 2048K, 100% used [0x00000000d5580000,0x00000000d5780000,0x00000000d5780000)
  from space 512K, 90% used [0x00000000d5980000,0x00000000d59f4010,0x00000000d5a00000)
  to   space 512K, 0% used [0x00000000d5900000,0x00000000d5900000,0x00000000d5980000)
 ParOldGen       total 1070592K, used 1070494K [0x0000000080000000, 0x00000000c1580000, 0x00000000d5580000)
  object space 1070592K, 99% used [0x0000000080000000,0x00000000c1567a90,0x00000000c1580000)
 Metaspace       used 113312K, committed 115328K, reserved 1179648K
  class space    used 11134K, committed 12096K, reserved 1048576K
}
Event: 305032.919 GC heap after
{Heap after GC invocations=10382 (full 11):
 PSYoungGen      total 2560K, used 240K [0x00000000d5580000, 0x00000000d5a00000, 0x0000000100000000)
  eden space 2048K, 0% used [0x00000000d5580000,0x00000000d5580000,0x00000000d5780000)
  from space 512K, 46% used [0x00000000d5900000,0x00000000d593c010,0x00000000d5980000)
  to   space 512K, 0% used [0x00000000d5980000,0x00000000d5980000,0x00000000d5a00000)
 ParOldGen       total 1071104K, used 1070766K [0x0000000080000000, 0x00000000c1600000, 0x00000000d5580000)
  object space 1071104K, 99% used [0x0000000080000000,0x00000000c15abab0,0x00000000c1600000)
 Metaspace       used 113312K, committed 115328K, reserved 1179648K
  class space    used 11134K, committed 12096K, reserved 1048576K
}
Event: 305033.004 GC heap before
{Heap before GC invocations=10383 (full 11):
 PSYoungGen      total 2560K, used 2288K [0x00000000d5580000, 0x00000000d5a00000, 0x0000000100000000)
  eden space 2048K, 100% used [0x00000000d5580000,0x00000000d5780000,0x00000000d5780000)
  from space 512K, 46% used [0x00000000d5900000,0x00000000d593c010,0x00000000d5980000)
  to   space 512K, 0% used [0x00000000d5980000,0x00000000d5980000,0x00000000d5a00000)
 ParOldGen       total 1071104K, used 1070766K [0x0000000080000000, 0x00000000c1600000, 0x00000000d5580000)
  object space 1071104K, 99% used [0x0000000080000000,0x00000000c15abab0,0x00000000c1600000)
 Metaspace       used 113312K, committed 115328K, reserved 1179648K
  class space    used 11134K, committed 12096K, reserved 1048576K
}
Event: 305033.009 GC heap after
{Heap after GC invocations=10383 (full 11):
 PSYoungGen      total 2560K, used 512K [0x00000000d5580000, 0x00000000d5a00000, 0x0000000100000000)
  eden space 2048K, 0% used [0x00000000d5580000,0x00000000d5580000,0x00000000d5780000)
  from space 512K, 100% used [0x00000000d5980000,0x00000000d5a00000,0x00000000d5a00000)
  to   space 1024K, 0% used [0x00000000d5800000,0x00000000d5800000,0x00000000d5900000)
 ParOldGen       total 1071104K, used 1070998K [0x0000000080000000, 0x00000000c1600000, 0x00000000d5580000)
  object space 1071104K, 99% used [0x0000000080000000,0x00000000c15e5ad0,0x00000000c1600000)
 Metaspace       used 113312K, committed 115328K, reserved 1179648K
  class space    used 11134K, committed 12096K, reserved 1048576K
}
Event: 305033.164 GC heap before
{Heap before GC invocations=10384 (full 11):
 PSYoungGen      total 2560K, used 2556K [0x00000000d5580000, 0x00000000d5a00000, 0x0000000100000000)
  eden space 2048K, 99% used [0x00000000d5580000,0x00000000d577f1e0,0x00000000d5780000)
  from space 512K, 100% used [0x00000000d5980000,0x00000000d5a00000,0x00000000d5a00000)
  to   space 1024K, 0% used [0x00000000d5800000,0x00000000d5800000,0x00000000d5900000)
 ParOldGen       total 1071104K, used 1070998K [0x0000000080000000, 0x00000000c1600000, 0x00000000d5580000)
  object space 1071104K, 99% used [0x0000000080000000,0x00000000c15e5ad0,0x00000000c1600000)
 Metaspace       used 113312K, committed 115328K, reserved 1179648K
  class space    used 11134K, committed 12096K, reserved 1048576K
}
Event: 305033.170 GC heap after
{Heap after GC invocations=10384 (full 11):
 PSYoungGen      total 3072K, used 576K [0x00000000d5580000, 0x00000000d5a00000, 0x0000000100000000)
  eden space 2048K, 0% used [0x00000000d5580000,0x00000000d5580000,0x00000000d5780000)
  from space 1024K, 56% used [0x00000000d5800000,0x00000000d5890000,0x00000000d5900000)
  to   space 1024K, 0% used [0x00000000d5900000,0x00000000d5900000,0x00000000d5a00000)
 ParOldGen       total 1071616K, used 1071398K [0x0000000080000000, 0x00000000c1680000, 0x00000000d5580000)
  object space 1071616K, 99% used [0x0000000080000000,0x00000000c1649ad0,0x00000000c1680000)
 Metaspace       used 113312K, committed 115328K, reserved 1179648K
  class space    used 11134K, committed 12096K, reserved 1048576K
}
Event: 305033.826 GC heap before
{Heap before GC invocations=10385 (full 11):
 PSYoungGen      total 3072K, used 2624K [0x00000000d5580000, 0x00000000d5a00000, 0x0000000100000000)
  eden space 2048K, 100% used [0x00000000d5580000,0x00000000d5780000,0x00000000d5780000)
  from space 1024K, 56% used [0x00000000d5800000,0x00000000d5890000,0x00000000d5900000)
  to   space 1024K, 0% used [0x00000000d5900000,0x00000000d5900000,0x00000000d5a00000)
 ParOldGen       total 1103360K, used 1102118K [0x0000000080000000, 0x00000000c3580000, 0x00000000d5580000)
  object space 1103360K, 99% used [0x0000000080000000,0x00000000c3449b00,0x00000000c3580000)
 Metaspace       used 113397K, committed 115456K, reserved 1179648K
  class space    used 11145K, committed 12096K, reserved 1048576K
}
Event: 305033.830 GC heap after
{Heap after GC invocations=10385 (full 11):
 PSYoungGen      total 2560K, used 352K [0x00000000d5580000, 0x00000000d5980000, 0x0000000100000000)
  eden space 2048K, 0% used [0x00000000d5580000,0x00000000d5580000,0x00000000d5780000)
  from space 512K, 68% used [0x00000000d5900000,0x00000000d5958000,0x00000000d5980000)
  to   space 512K, 0% used [0x00000000d5880000,0x00000000d5880000,0x00000000d5900000)
 ParOldGen       total 1103360K, used 1102379K [0x0000000080000000, 0x00000000c3580000, 0x00000000d5580000)
  object space 1103360K, 99% used [0x0000000080000000,0x00000000c348af68,0x00000000c3580000)
 Metaspace       used 113397K, committed 115456K, reserved 1179648K
  class space    used 11145K, committed 12096K, reserved 1048576K
}
Event: 305330.215 GC heap before
{Heap before GC invocations=10386 (full 11):
 PSYoungGen      total 2560K, used 2400K [0x00000000d5580000, 0x00000000d5980000, 0x0000000100000000)
  eden space 2048K, 100% used [0x00000000d5580000,0x00000000d5780000,0x00000000d5780000)
  from space 512K, 68% used [0x00000000d5900000,0x00000000d5958000,0x00000000d5980000)
  to   space 512K, 0% used [0x00000000d5880000,0x00000000d5880000,0x00000000d5900000)
 ParOldGen       total 1103360K, used 1102379K [0x0000000080000000, 0x00000000c3580000, 0x00000000d5580000)
  object space 1103360K, 99% used [0x0000000080000000,0x00000000c348af68,0x00000000c3580000)
 Metaspace       used 113397K, committed 115456K, reserved 1179648K
  class space    used 11145K, committed 12096K, reserved 1048576K
}
Event: 305330.219 GC heap after
{Heap after GC invocations=10386 (full 11):
 PSYoungGen      total 2560K, used 320K [0x00000000d5580000, 0x00000000d5980000, 0x0000000100000000)
  eden space 2048K, 0% used [0x00000000d5580000,0x00000000d5580000,0x00000000d5780000)
  from space 512K, 62% used [0x00000000d5880000,0x00000000d58d0000,0x00000000d5900000)
  to   space 512K, 0% used [0x00000000d5900000,0x00000000d5900000,0x00000000d5980000)
 ParOldGen       total 1103360K, used 1102467K [0x0000000080000000, 0x00000000c3580000, 0x00000000d5580000)
  object space 1103360K, 99% used [0x0000000080000000,0x00000000c34a0f68,0x00000000c3580000)
 Metaspace       used 113397K, committed 115456K, reserved 1179648K
  class space    used 11145K, committed 12096K, reserved 1048576K
}

Dll operation events (14 events):
Event: 0.006 Loaded shared library c:\Users\Asus\.vscode\extensions\redhat.java-1.53.0-win32-x64\jre\21.0.10-win32-x86_64\bin\java.dll
Event: 0.048 Loaded shared library c:\Users\Asus\.vscode\extensions\redhat.java-1.53.0-win32-x64\jre\21.0.10-win32-x86_64\bin\zip.dll
Event: 0.065 Loaded shared library C:\Users\Asus\.vscode\extensions\redhat.java-1.53.0-win32-x64\jre\21.0.10-win32-x86_64\bin\instrument.dll
Event: 0.068 Loaded shared library C:\Users\Asus\.vscode\extensions\redhat.java-1.53.0-win32-x64\jre\21.0.10-win32-x86_64\bin\net.dll
Event: 0.070 Loaded shared library C:\Users\Asus\.vscode\extensions\redhat.java-1.53.0-win32-x64\jre\21.0.10-win32-x86_64\bin\nio.dll
Event: 0.072 Loaded shared library C:\Users\Asus\.vscode\extensions\redhat.java-1.53.0-win32-x64\jre\21.0.10-win32-x86_64\bin\zip.dll
Event: 0.085 Loaded shared library C:\Users\Asus\.vscode\extensions\redhat.java-1.53.0-win32-x64\jre\21.0.10-win32-x86_64\bin\jimage.dll
Event: 0.139 Loaded shared library c:\Users\Asus\.vscode\extensions\redhat.java-1.53.0-win32-x64\jre\21.0.10-win32-x86_64\bin\verify.dll
Event: 8.652 Loaded shared library C:\Users\Asus\AppData\Roaming\Code\User\globalStorage\redhat.java\1.53.0\config_win\org.eclipse.equinox.launcher\org.eclipse.equinox.launcher.win32.win32.x86_64_1.3.0.v20260203-2149\eclipse_11919.dll
Event: 23.296 Loaded shared library C:\Users\Asus\.vscode\extensions\redhat.java-1.53.0-win32-x64\jre\21.0.10-win32-x86_64\bin\management.dll
Event: 23.301 Loaded shared library C:\Users\Asus\.vscode\extensions\redhat.java-1.53.0-win32-x64\jre\21.0.10-win32-x86_64\bin\management_ext.dll
Event: 25.111 Loaded shared library C:\Users\Asus\AppData\Local\Temp\jna--531097183\jna11692596468295050747.dll
Event: 26.103 Loaded shared library C:\Users\Asus\.vscode\extensions\redhat.java-1.53.0-win32-x64\jre\21.0.10-win32-x86_64\bin\extnet.dll
Event: 26.452 Loaded shared library C:\Users\Asus\.vscode\extensions\redhat.java-1.53.0-win32-x64\jre\21.0.10-win32-x86_64\bin\sunmscapi.dll

Deoptimization events (20 events):
Event: 265923.472 Thread 0x0000019763d9d8e0 DEOPT PACKING pc=0x000001970fab0584 sp=0x0000008de05fe790
Event: 265923.472 Thread 0x0000019763d9d8e0 DEOPT UNPACKING pc=0x000001970e973aa2 sp=0x0000008de05fe6f0 mode 2
Event: 265923.472 Thread 0x0000019763d9d8e0 Uncommon trap: trap_request=0xffffff76 fr.pc=0x00000197110620d8 relative=0x00000000000002d8
Event: 265923.472 Thread 0x0000019763d9d8e0 Uncommon trap: reason=predicate action=maybe_recompile pc=0x00000197110620d8 method=org.eclipse.jdt.internal.core.search.indexing.AbstractIndexer.addConstructorDeclaration([CI[C[[C[[CI[CI[[CI)V @ 51 c2
Event: 265923.472 Thread 0x0000019763d9d8e0 DEOPT PACKING pc=0x00000197110620d8 sp=0x0000008de05fe830
Event: 265923.472 Thread 0x0000019763d9d8e0 DEOPT UNPACKING pc=0x000001970e973aa2 sp=0x0000008de05fe7c8 mode 2
Event: 265923.534 Thread 0x00000197630dc750 DEOPT PACKING pc=0x0000019709287f27 sp=0x0000008de03fde10
Event: 265923.534 Thread 0x00000197630dc750 DEOPT UNPACKING pc=0x000001970e974242 sp=0x0000008de03fd280 mode 0
Event: 265931.195 Thread 0x00000197630da680 Uncommon trap: trap_request=0xffffff45 fr.pc=0x000001971067a9b8 relative=0x00000000000003f8
Event: 265931.195 Thread 0x00000197630da680 Uncommon trap: reason=unstable_if action=reinterpret pc=0x000001971067a9b8 method=org.eclipse.core.internal.jobs.JobQueue$2.hasNext()Z @ 14 c2
Event: 265931.195 Thread 0x00000197630da680 DEOPT PACKING pc=0x000001971067a9b8 sp=0x0000008de24ff1a0
Event: 265931.195 Thread 0x00000197630da680 DEOPT UNPACKING pc=0x000001970e973aa2 sp=0x0000008de24fefb8 mode 2
Event: 265947.047 Thread 0x00000197630d9ff0 Uncommon trap: trap_request=0xffffff45 fr.pc=0x0000019710e00abc relative=0x000000000000081c
Event: 265947.047 Thread 0x00000197630d9ff0 Uncommon trap: reason=unstable_if action=reinterpret pc=0x0000019710e00abc method=java.util.concurrent.ForkJoinPool.awaitWork(Ljava/util/concurrent/ForkJoinPool$WorkQueue;)I @ 239 c2
Event: 265947.047 Thread 0x00000197630d9ff0 DEOPT PACKING pc=0x0000019710e00abc sp=0x0000008de02ff3c0
Event: 265947.047 Thread 0x00000197630d9ff0 DEOPT UNPACKING pc=0x000001970e973aa2 sp=0x0000008de02ff330 mode 2
Event: 266126.605 Thread 0x00000197630de190 Uncommon trap: trap_request=0xffffff45 fr.pc=0x000001970f302c10 relative=0x0000000000001eb0
Event: 266126.605 Thread 0x00000197630de190 Uncommon trap: reason=unstable_if action=reinterpret pc=0x000001970f302c10 method=org.eclipse.core.internal.dtree.AbstractDataTreeNode.assembleWith([Lorg/eclipse/core/internal/dtree/AbstractDataTreeNode;[Lorg/eclipse/core/internal/dtree/AbstractDataTreeNo
Event: 266126.605 Thread 0x00000197630de190 DEOPT PACKING pc=0x000001970f302c10 sp=0x0000008ddfdfe860
Event: 266126.605 Thread 0x00000197630de190 DEOPT UNPACKING pc=0x000001970e973aa2 sp=0x0000008ddfdfe820 mode 2

Classes loaded (20 events):
Event: 265903.650 Loading class jdk/internal/module/IllegalAccessLogger
Event: 265903.650 Loading class jdk/internal/module/IllegalAccessLogger done
Event: 265903.770 Loading class jdk/internal/module/IllegalAccessLogger
Event: 265903.770 Loading class jdk/internal/module/IllegalAccessLogger done
Event: 265913.571 Loading class jdk/internal/module/IllegalAccessLogger
Event: 265913.571 Loading class jdk/internal/module/IllegalAccessLogger done
Event: 265913.628 Loading class jdk/internal/module/IllegalAccessLogger
Event: 265913.628 Loading class jdk/internal/module/IllegalAccessLogger done
Event: 265919.094 Loading class jdk/internal/module/IllegalAccessLogger
Event: 265919.094 Loading class jdk/internal/module/IllegalAccessLogger done
Event: 265919.187 Loading class jdk/internal/module/IllegalAccessLogger
Event: 265919.187 Loading class jdk/internal/module/IllegalAccessLogger done
Event: 265920.663 Loading class jdk/internal/module/IllegalAccessLogger
Event: 265920.663 Loading class jdk/internal/module/IllegalAccessLogger done
Event: 265922.763 Loading class jdk/internal/module/IllegalAccessLogger
Event: 265922.763 Loading class jdk/internal/module/IllegalAccessLogger done
Event: 265922.885 Loading class jdk/internal/module/IllegalAccessLogger
Event: 265922.885 Loading class jdk/internal/module/IllegalAccessLogger done
Event: 305031.956 Loading class jdk/internal/module/IllegalAccessLogger
Event: 305031.957 Loading class jdk/internal/module/IllegalAccessLogger done

Classes unloaded (20 events):
Event: 265905.098 Thread 0x000001975d194ba0 Unloading class 0x000001971c8a1000 'jdk/internal/reflect/GeneratedSerializationConstructorAccessor126'
Event: 265905.098 Thread 0x000001975d194ba0 Unloading class 0x000001971c8e2400 'jdk/internal/reflect/GeneratedSerializationConstructorAccessor125'
Event: 265905.098 Thread 0x000001975d194ba0 Unloading class 0x000001971c840800 'jdk/internal/reflect/GeneratedSerializationConstructorAccessor124'
Event: 265905.098 Thread 0x000001975d194ba0 Unloading class 0x000001971c8de400 'jdk/internal/reflect/GeneratedSerializationConstructorAccessor119'
Event: 265905.098 Thread 0x000001975d194ba0 Unloading class 0x000001971c016400 'jdk/internal/reflect/GeneratedSerializationConstructorAccessor118'
Event: 265905.098 Thread 0x000001975d194ba0 Unloading class 0x000001971cb74800 'jdk/internal/reflect/GeneratedSerializationConstructorAccessor117'
Event: 265905.098 Thread 0x000001975d194ba0 Unloading class 0x000001971ca36400 'jdk/internal/reflect/GeneratedSerializationConstructorAccessor116'
Event: 265905.098 Thread 0x000001975d194ba0 Unloading class 0x000001971ca35800 'jdk/internal/reflect/GeneratedSerializationConstructorAccessor115'
Event: 265905.098 Thread 0x000001975d194ba0 Unloading class 0x000001971ca34800 'jdk/internal/reflect/GeneratedSerializationConstructorAccessor114'
Event: 265905.098 Thread 0x000001975d194ba0 Unloading class 0x000001971c780400 'jdk/internal/reflect/GeneratedSerializationConstructorAccessor113'
Event: 265905.099 Thread 0x000001975d194ba0 Unloading class 0x000001971c776800 'jdk/internal/reflect/GeneratedSerializationConstructorAccessor112'
Event: 265905.099 Thread 0x000001975d194ba0 Unloading class 0x000001971c776000 'jdk/internal/reflect/GeneratedSerializationConstructorAccessor111'
Event: 265905.099 Thread 0x000001975d194ba0 Unloading class 0x000001971c01e400 'jdk/internal/reflect/GeneratedSerializationConstructorAccessor109'
Event: 265905.099 Thread 0x000001975d194ba0 Unloading class 0x000001971c01dc00 'jdk/internal/reflect/GeneratedSerializationConstructorAccessor108'
Event: 265905.099 Thread 0x000001975d194ba0 Unloading class 0x000001971c01d400 'jdk/internal/reflect/GeneratedSerializationConstructorAccessor107'
Event: 265905.099 Thread 0x000001975d194ba0 Unloading class 0x000001971c000400 'jdk/internal/reflect/GeneratedSerializationConstructorAccessor106'
Event: 265905.099 Thread 0x000001975d194ba0 Unloading class 0x000001971ca22400 'jdk/internal/reflect/GeneratedSerializationConstructorAccessor105'
Event: 265905.099 Thread 0x000001975d194ba0 Unloading class 0x000001971c689400 'jdk/internal/reflect/GeneratedSerializationConstructorAccessor102'
Event: 265905.099 Thread 0x000001975d194ba0 Unloading class 0x000001971c178000 'jdk/internal/reflect/GeneratedSerializationConstructorAccessor100'
Event: 265905.099 Thread 0x000001975d194ba0 Unloading class 0x000001971cb60000 'jdk/internal/reflect/GeneratedSerializationConstructorAccessor99'

Classes redefined (0 events):
No events

Internal exceptions (20 events):
Event: 265939.055 Thread 0x00000197630ddb00 Exception <a 'sun/nio/fs/WindowsException'{0x00000000d558d7d0}> (0x00000000d558d7d0) 
thrown [s\src\hotspot\share\prims\jni.cpp, line 520]
Event: 265939.055 Thread 0x00000197630ddb00 Exception <a 'sun/nio/fs/WindowsException'{0x00000000d558df68}> (0x00000000d558df68) 
thrown [s\src\hotspot\share\prims\jni.cpp, line 520]
Event: 265939.087 Thread 0x00000197630ddb00 Exception <a 'sun/nio/fs/WindowsException'{0x00000000d5882f10}> (0x00000000d5882f10) 
thrown [s\src\hotspot\share\prims\jni.cpp, line 520]
Event: 265939.087 Thread 0x00000197630ddb00 Exception <a 'sun/nio/fs/WindowsException'{0x00000000d58836a8}> (0x00000000d58836a8) 
thrown [s\src\hotspot\share\prims\jni.cpp, line 520]
Event: 265939.104 Thread 0x00000197630ddb00 Exception <a 'sun/nio/fs/WindowsException'{0x00000000d5a3f840}> (0x00000000d5a3f840) 
thrown [s\src\hotspot\share\prims\jni.cpp, line 520]
Event: 265939.104 Thread 0x00000197630ddb00 Exception <a 'sun/nio/fs/WindowsException'{0x00000000d5a3ffd8}> (0x00000000d5a3ffd8) 
thrown [s\src\hotspot\share\prims\jni.cpp, line 520]
Event: 265939.116 Thread 0x00000197630ddb00 Exception <a 'sun/nio/fs/WindowsException'{0x00000000d58b0d28}> (0x00000000d58b0d28) 
thrown [s\src\hotspot\share\prims\jni.cpp, line 520]
Event: 265939.116 Thread 0x00000197630ddb00 Exception <a 'sun/nio/fs/WindowsException'{0x00000000d58b14c0}> (0x00000000d58b14c0) 
thrown [s\src\hotspot\share\prims\jni.cpp, line 520]
Event: 266126.589 Thread 0x00000197630de190 Exception <a 'sun/nio/fs/WindowsException'{0x00000000d56266a0}> (0x00000000d56266a0) 
thrown [s\src\hotspot\share\prims\jni.cpp, line 520]
Event: 266126.589 Thread 0x00000197630de190 Exception <a 'sun/nio/fs/WindowsException'{0x00000000d5626e38}> (0x00000000d5626e38) 
thrown [s\src\hotspot\share\prims\jni.cpp, line 520]
Event: 266126.603 Thread 0x00000197630de190 Exception <a 'java/lang/NoSuchMethodError'{0x00000000d578b418}: static Lorg/eclipse/m2e/core/internal/project/registry/MavenProjectFacade$MavenProjectConfiguration;.<clinit>()V> (0x00000000d578b418) 
thrown [s\src\hotspot\share\prims\jni.cpp, line 1111]
Event: 266126.604 Thread 0x00000197630de190 Exception <a 'java/lang/NoSuchMethodError'{0x00000000d57ac658}: static [J.<clinit>()V> (0x00000000d57ac658) 
thrown [s\src\hotspot\share\prims\jni.cpp, line 1111]
Event: 305030.122 Thread 0x0000019763d9d8e0 Exception <a 'sun/nio/fs/WindowsException'{0x00000000d58946a0}> (0x00000000d58946a0) 
thrown [s\src\hotspot\share\prims\jni.cpp, line 520]
Event: 305030.223 Thread 0x000001976716c700 Exception <a 'sun/nio/fs/WindowsException'{0x00000000d58a9230}> (0x00000000d58a9230) 
thrown [s\src\hotspot\share\prims\jni.cpp, line 520]
Event: 305030.232 Thread 0x000001976716c700 Exception <a 'sun/nio/fs/WindowsException'{0x00000000d58a9978}> (0x00000000d58a9978) 
thrown [s\src\hotspot\share\prims\jni.cpp, line 520]
Event: 305031.041 Thread 0x000001976716c700 Exception <a 'sun/nio/fs/WindowsException'{0x00000000d5852548}> (0x00000000d5852548) 
thrown [s\src\hotspot\share\prims\jni.cpp, line 520]
Event: 305031.042 Thread 0x000001976716c700 Exception <a 'sun/nio/fs/WindowsException'{0x00000000d5852ce0}> (0x00000000d5852ce0) 
thrown [s\src\hotspot\share\prims\jni.cpp, line 520]
Event: 305032.196 Thread 0x0000019763d9d8e0 Exception <a 'sun/nio/fs/WindowsException'{0x00000000d55aad50}> (0x00000000d55aad50) 
thrown [s\src\hotspot\share\prims\jni.cpp, line 520]
Event: 305330.065 Thread 0x00000197630de190 Exception <a 'sun/nio/fs/WindowsException'{0x00000000d5729200}> (0x00000000d5729200) 
thrown [s\src\hotspot\share\prims\jni.cpp, line 520]
Event: 305330.065 Thread 0x00000197630de190 Exception <a 'sun/nio/fs/WindowsException'{0x00000000d5729c18}> (0x00000000d5729c18) 
thrown [s\src\hotspot\share\prims\jni.cpp, line 520]

ZGC Phase Switch (0 events):
No events

VM Operations (20 events):
Event: 311550.249 Executing non-safepoint VM operation: HandshakeAllThreads (HandshakeForDeflation)
Event: 311550.249 Executing non-safepoint VM operation: HandshakeAllThreads (HandshakeForDeflation) done
Event: 311550.249 Executing non-safepoint VM operation: RendezvousGCThreads
Event: 311550.249 Executing non-safepoint VM operation: RendezvousGCThreads done
Event: 311730.402 Executing non-safepoint VM operation: HandshakeAllThreads (HandshakeForDeflation)
Event: 311730.402 Executing non-safepoint VM operation: HandshakeAllThreads (HandshakeForDeflation) done
Event: 311730.402 Executing non-safepoint VM operation: RendezvousGCThreads
Event: 311730.402 Executing non-safepoint VM operation: RendezvousGCThreads done
Event: 311850.514 Executing non-safepoint VM operation: HandshakeAllThreads (HandshakeForDeflation)
Event: 311850.514 Executing non-safepoint VM operation: HandshakeAllThreads (HandshakeForDeflation) done
Event: 311850.514 Executing non-safepoint VM operation: RendezvousGCThreads
Event: 311850.514 Executing non-safepoint VM operation: RendezvousGCThreads done
Event: 312031.026 Executing non-safepoint VM operation: HandshakeAllThreads (HandshakeForDeflation)
Event: 312031.026 Executing non-safepoint VM operation: HandshakeAllThreads (HandshakeForDeflation) done
Event: 312031.026 Executing non-safepoint VM operation: RendezvousGCThreads
Event: 312031.026 Executing non-safepoint VM operation: RendezvousGCThreads done
Event: 312151.113 Executing non-safepoint VM operation: HandshakeAllThreads (HandshakeForDeflation)
Event: 312151.113 Executing non-safepoint VM operation: HandshakeAllThreads (HandshakeForDeflation) done
Event: 312151.113 Executing non-safepoint VM operation: RendezvousGCThreads
Event: 312151.113 Executing non-safepoint VM operation: RendezvousGCThreads done

Memory protections (0 events):
No events

Nmethod flushes (20 events):
Event: 265905.313 Thread 0x000001975d194ba0 flushing  nmethod 0x000001970aa05310
Event: 265905.313 Thread 0x000001975d194ba0 flushing  nmethod 0x000001970aa7d810
Event: 265905.313 Thread 0x000001975d194ba0 flushing  nmethod 0x000001970aa7ec10
Event: 265905.313 Thread 0x000001975d194ba0 flushing  nmethod 0x000001970aa87b10
Event: 265905.313 Thread 0x000001975d194ba0 flushing  nmethod 0x000001970aa88f90
Event: 265905.313 Thread 0x000001975d194ba0 flushing  nmethod 0x000001970ab45390
Event: 265905.313 Thread 0x000001975d194ba0 flushing  nmethod 0x000001970ab45990
Event: 265905.313 Thread 0x000001975d194ba0 flushing  nmethod 0x000001970ab4cd10
Event: 265905.313 Thread 0x000001975d194ba0 flushing  nmethod 0x000001970ab7a190
Event: 265905.313 Thread 0x000001975d194ba0 flushing  nmethod 0x000001970ababb10
Event: 265905.313 Thread 0x000001975d194ba0 flushing  nmethod 0x000001970abace90
Event: 265905.313 Thread 0x000001975d194ba0 flushing  nmethod 0x000001970abdee10
Event: 265905.313 Thread 0x000001975d194ba0 flushing  nmethod 0x000001970ac1ab10
Event: 265905.313 Thread 0x000001975d194ba0 flushing  nmethod 0x000001970ac63410
Event: 265905.313 Thread 0x000001975d194ba0 flushing  nmethod 0x000001970ac80010
Event: 265905.313 Thread 0x000001975d194ba0 flushing osr nmethod 0x000001970aca6e10
Event: 265905.313 Thread 0x000001975d194ba0 flushing  nmethod 0x000001970acd1210
Event: 265905.313 Thread 0x000001975d194ba0 flushing  nmethod 0x000001970ad05710
Event: 265905.313 Thread 0x000001975d194ba0 flushing  nmethod 0x000001970ad25e10
Event: 265905.313 Thread 0x000001975d194ba0 flushing  nmethod 0x000001970ad28410

Events (20 events):
Event: 300341.739 Thread 0x00000197630d7f20 Thread exited: 0x00000197630d7f20
Event: 300400.309 Thread 0x000001976716acc0 Thread exited: 0x000001976716acc0
Event: 300460.316 Thread 0x0000019767168560 Thread exited: 0x0000019767168560
Event: 300520.320 Thread 0x00000197672df1d0 Thread exited: 0x00000197672df1d0
Event: 300580.330 Thread 0x00000197672dca70 Thread exited: 0x00000197672dca70
Event: 300640.338 Thread 0x000001976716b350 Thread exited: 0x000001976716b350
Event: 300700.343 Thread 0x000001976716b9e0 Thread exited: 0x000001976716b9e0
Event: 300760.348 Thread 0x0000019767168bf0 Thread exited: 0x0000019767168bf0
Event: 305029.925 Thread 0x000001976716c700 Thread added: 0x0000019767168bf0
Event: 305031.401 Thread 0x000001976716c700 Thread added: 0x0000019767169280
Event: 305031.972 Thread 0x000001976716c700 Thread added: 0x0000019767168560
Event: 305033.906 Thread 0x00000197630de190 Thread added: 0x000001976716dab0
Event: 305092.439 Thread 0x0000019767168560 Thread exited: 0x0000019767168560
Event: 305093.908 Thread 0x000001976716dab0 Thread exited: 0x000001976716dab0
Event: 305093.908 Thread 0x0000019767168bf0 Thread exited: 0x0000019767168bf0
Event: 305330.056 Thread 0x00000197630de190 Thread added: 0x000001976716b350
Event: 305330.059 Thread 0x000001976716b350 Thread exited: 0x000001976716b350
Event: 305330.067 Thread 0x00000197630de190 Thread added: 0x000001976716b350
Event: 305330.068 Thread 0x000001976716b350 Thread exited: 0x000001976716b350
Event: 305331.445 Thread 0x0000019767169280 Thread exited: 0x0000019767169280


Dynamic libraries:
0x00007ff78dcb0000 - 0x00007ff78dcbe000 	c:\Users\Asus\.vscode\extensions\redhat.java-1.53.0-win32-x64\jre\21.0.10-win32-x86_64\bin\java.exe
0x00007ffbc9480000 - 0x00007ffbc96e7000 	C:\WINDOWS\SYSTEM32\ntdll.dll
0x00007ffbc8b60000 - 0x00007ffbc8c29000 	C:\WINDOWS\System32\KERNEL32.DLL
0x00007ffbc5e50000 - 0x00007ffbc6241000 	C:\WINDOWS\System32\KERNELBASE.dll
0x00007ffbc6530000 - 0x00007ffbc667b000 	C:\WINDOWS\System32\ucrtbase.dll
0x00007ffbacf20000 - 0x00007ffbacf3e000 	c:\Users\Asus\.vscode\extensions\redhat.java-1.53.0-win32-x64\jre\21.0.10-win32-x86_64\bin\VCRUNTIME140.dll
0x00007ffbc0d00000 - 0x00007ffbc0d18000 	c:\Users\Asus\.vscode\extensions\redhat.java-1.53.0-win32-x64\jre\21.0.10-win32-x86_64\bin\jli.dll
0x00007ffbc7ef0000 - 0x00007ffbc80b5000 	C:\WINDOWS\System32\USER32.dll
0x00007ffbc5e20000 - 0x00007ffbc5e47000 	C:\WINDOWS\System32\win32u.dll
0x00007ffb9bdd0000 - 0x00007ffb9c063000 	C:\WINDOWS\WinSxS\amd64_microsoft.windows.common-controls_6595b64144ccf1df_6.0.26100.8037_none_3e092faae333b53b\COMCTL32.dll
0x00007ffbc9410000 - 0x00007ffbc943b000 	C:\WINDOWS\System32\GDI32.dll
0x00007ffbc9360000 - 0x00007ffbc9409000 	C:\WINDOWS\System32\msvcrt.dll
0x00007ffbc70f0000 - 0x00007ffbc721b000 	C:\WINDOWS\System32\gdi32full.dll
0x00007ffbc6250000 - 0x00007ffbc62f3000 	C:\WINDOWS\System32\msvcp_win.dll
0x00007ffbc7810000 - 0x00007ffbc7841000 	C:\WINDOWS\System32\IMM32.DLL
0x00007ffbc0cd0000 - 0x00007ffbc0cdc000 	c:\Users\Asus\.vscode\extensions\redhat.java-1.53.0-win32-x64\jre\21.0.10-win32-x86_64\bin\vcruntime140_1.dll
0x00007ffbab0e0000 - 0x00007ffbab16d000 	c:\Users\Asus\.vscode\extensions\redhat.java-1.53.0-win32-x64\jre\21.0.10-win32-x86_64\bin\msvcp140.dll
0x00007ffb08340000 - 0x00007ffb090e1000 	c:\Users\Asus\.vscode\extensions\redhat.java-1.53.0-win32-x64\jre\21.0.10-win32-x86_64\bin\server\jvm.dll
0x00007ffbc9140000 - 0x00007ffbc91fb000 	C:\WINDOWS\System32\ADVAPI32.dll
0x00007ffbc8a80000 - 0x00007ffbc8b27000 	C:\WINDOWS\System32\sechost.dll
0x00007ffbc7860000 - 0x00007ffbc7978000 	C:\WINDOWS\System32\RPCRT4.dll
0x00007ffbc7220000 - 0x00007ffbc7294000 	C:\WINDOWS\System32\WS2_32.dll
0x00007ffbc5bc0000 - 0x00007ffbc5c1e000 	C:\WINDOWS\SYSTEM32\POWRPROF.dll
0x00007ffbbe540000 - 0x00007ffbbe54b000 	C:\WINDOWS\SYSTEM32\VERSION.dll
0x00007ffbbd1c0000 - 0x00007ffbbd1f5000 	C:\WINDOWS\SYSTEM32\WINMM.dll
0x00007ffbc5ba0000 - 0x00007ffbc5bb4000 	C:\WINDOWS\SYSTEM32\UMPDC.dll
0x00007ffbc4ab0000 - 0x00007ffbc4acb000 	C:\WINDOWS\SYSTEM32\kernel.appcore.dll
0x00007ffbb3ca0000 - 0x00007ffbb3caa000 	c:\Users\Asus\.vscode\extensions\redhat.java-1.53.0-win32-x64\jre\21.0.10-win32-x86_64\bin\jimage.dll
0x00007ffbc34b0000 - 0x00007ffbc36f2000 	C:\WINDOWS\SYSTEM32\DBGHELP.DLL
0x00007ffbc8c30000 - 0x00007ffbc8fb2000 	C:\WINDOWS\System32\combase.dll
0x00007ffbc9220000 - 0x00007ffbc92f7000 	C:\WINDOWS\System32\OLEAUT32.dll
0x00007ffbb1740000 - 0x00007ffbb177b000 	C:\WINDOWS\SYSTEM32\dbgcore.DLL
0x00007ffbc6300000 - 0x00007ffbc63a5000 	C:\WINDOWS\System32\bcryptPrimitives.dll
0x00007ffbad050000 - 0x00007ffbad05f000 	c:\Users\Asus\.vscode\extensions\redhat.java-1.53.0-win32-x64\jre\21.0.10-win32-x86_64\bin\instrument.dll
0x00007ffbacf00000 - 0x00007ffbacf20000 	c:\Users\Asus\.vscode\extensions\redhat.java-1.53.0-win32-x64\jre\21.0.10-win32-x86_64\bin\java.dll
0x00007ffbc80c0000 - 0x00007ffbc881f000 	C:\WINDOWS\System32\SHELL32.dll
0x00007ffbc6f80000 - 0x00007ffbc70ea000 	C:\WINDOWS\System32\wintypes.dll
0x00007ffbc6710000 - 0x00007ffbc6f74000 	C:\WINDOWS\System32\windows.storage.dll
0x00007ffbc7360000 - 0x00007ffbc7457000 	C:\WINDOWS\System32\SHCORE.dll
0x00007ffbc7460000 - 0x00007ffbc74c7000 	C:\WINDOWS\System32\shlwapi.dll
0x00007ffbc5c80000 - 0x00007ffbc5ca9000 	C:\WINDOWS\SYSTEM32\profapi.dll
0x00007ffbacee0000 - 0x00007ffbacef8000 	c:\Users\Asus\.vscode\extensions\redhat.java-1.53.0-win32-x64\jre\21.0.10-win32-x86_64\bin\zip.dll
0x00007ffbaced0000 - 0x00007ffbacee0000 	C:\Users\Asus\.vscode\extensions\redhat.java-1.53.0-win32-x64\jre\21.0.10-win32-x86_64\bin\net.dll
0x00007ffbbf910000 - 0x00007ffbbfa37000 	C:\WINDOWS\SYSTEM32\WINHTTP.dll
0x00007ffbc5000000 - 0x00007ffbc506b000 	C:\WINDOWS\system32\mswsock.dll
0x00007ffbabc60000 - 0x00007ffbabc76000 	C:\Users\Asus\.vscode\extensions\redhat.java-1.53.0-win32-x64\jre\21.0.10-win32-x86_64\bin\nio.dll
0x00007ffbac290000 - 0x00007ffbac2a0000 	c:\Users\Asus\.vscode\extensions\redhat.java-1.53.0-win32-x64\jre\21.0.10-win32-x86_64\bin\verify.dll
0x00007ffbaab20000 - 0x00007ffbaab65000 	C:\Users\Asus\AppData\Roaming\Code\User\globalStorage\redhat.java\1.53.0\config_win\org.eclipse.equinox.launcher\org.eclipse.equinox.launcher.win32.win32.x86_64_1.3.0.v20260203-2149\eclipse_11919.dll
0x00007ffbc8840000 - 0x00007ffbc89d5000 	C:\WINDOWS\System32\ole32.dll
0x00007ffbac030000 - 0x00007ffbac03a000 	C:\Users\Asus\.vscode\extensions\redhat.java-1.53.0-win32-x64\jre\21.0.10-win32-x86_64\bin\management.dll
0x00007ffbab630000 - 0x00007ffbab63c000 	C:\Users\Asus\.vscode\extensions\redhat.java-1.53.0-win32-x64\jre\21.0.10-win32-x86_64\bin\management_ext.dll
0x00007ffbc8830000 - 0x00007ffbc8838000 	C:\WINDOWS\System32\PSAPI.DLL
0x00007ffbc5400000 - 0x00007ffbc541b000 	C:\WINDOWS\SYSTEM32\CRYPTSP.dll
0x00007ffbc4a10000 - 0x00007ffbc4a49000 	C:\WINDOWS\system32\rsaenh.dll
0x00007ffbc50b0000 - 0x00007ffbc50e2000 	C:\WINDOWS\SYSTEM32\USERENV.dll
0x00007ffbc5c50000 - 0x00007ffbc5c7a000 	C:\WINDOWS\SYSTEM32\bcrypt.dll
0x00007ffbc53e0000 - 0x00007ffbc53ec000 	C:\WINDOWS\SYSTEM32\CRYPTBASE.dll
0x00007ffbc44f0000 - 0x00007ffbc4523000 	C:\WINDOWS\SYSTEM32\IPHLPAPI.DLL
0x00007ffbc89e0000 - 0x00007ffbc89ea000 	C:\WINDOWS\System32\NSI.dll
0x00007ffb884e0000 - 0x00007ffb88529000 	C:\Users\Asus\AppData\Local\Temp\jna--531097183\jna11692596468295050747.dll
0x00007ffbc0710000 - 0x00007ffbc072d000 	C:\WINDOWS\SYSTEM32\dhcpcsvc6.DLL
0x00007ffbc06e0000 - 0x00007ffbc0703000 	C:\WINDOWS\SYSTEM32\dhcpcsvc.DLL
0x00007ffbab080000 - 0x00007ffbab089000 	C:\Users\Asus\.vscode\extensions\redhat.java-1.53.0-win32-x64\jre\21.0.10-win32-x86_64\bin\extnet.dll
0x00007ffbab070000 - 0x00007ffbab07e000 	C:\Users\Asus\.vscode\extensions\redhat.java-1.53.0-win32-x64\jre\21.0.10-win32-x86_64\bin\sunmscapi.dll
0x00007ffbc63b0000 - 0x00007ffbc6527000 	C:\WINDOWS\System32\CRYPT32.dll
0x00007ffbc5560000 - 0x00007ffbc5590000 	C:\WINDOWS\SYSTEM32\ncrypt.dll
0x00007ffbc5510000 - 0x00007ffbc554f000 	C:\WINDOWS\SYSTEM32\NTASN1.dll
0x00007ffbc4bd0000 - 0x00007ffbc4c06000 	C:\WINDOWS\SYSTEM32\ntmarta.dll
0x00007ffba4400000 - 0x00007ffba4408000 	C:\WINDOWS\system32\wshunix.dll
0x00007ffbc4590000 - 0x00007ffbc46ba000 	C:\WINDOWS\SYSTEM32\DNSAPI.dll
0x00007ffbbed10000 - 0x00007ffbbed1b000 	C:\Windows\System32\rasadhlp.dll
0x00007ffbc0880000 - 0x00007ffbc0906000 	C:\WINDOWS\System32\fwpuclnt.dll

JVMTI agents:
c:\Users\Asus\.vscode\extensions\redhat.java-1.53.0-win32-x64\lombok\lombok-1.18.39-4050.jar path:c:\Users\Asus\.vscode\extensions\redhat.java-1.53.0-win32-x64\jre\21.0.10-win32-x86_64\bin\instrument.dll, loaded, initialized, instrumentlib options:none

dbghelp: loaded successfully - version: 4.0.5 - missing functions: none
symbol engine: initialized successfully - sym options: 0x614 - pdb path: .;c:\Users\Asus\.vscode\extensions\redhat.java-1.53.0-win32-x64\jre\21.0.10-win32-x86_64\bin;C:\WINDOWS\SYSTEM32;C:\WINDOWS\WinSxS\amd64_microsoft.windows.common-controls_6595b64144ccf1df_6.0.26100.8037_none_3e092faae333b53b;c:\Users\Asus\.vscode\extensions\redhat.java-1.53.0-win32-x64\jre\21.0.10-win32-x86_64\bin\server;C:\Users\Asus\AppData\Roaming\Code\User\globalStorage\redhat.java\1.53.0\config_win\org.eclipse.equinox.launcher\org.eclipse.equinox.launcher.win32.win32.x86_64_1.3.0.v20260203-2149;C:\Users\Asus\AppData\Local\Temp\jna--531097183

VM Arguments:
jvm_args: --add-modules=ALL-SYSTEM --add-opens=java.base/java.util=ALL-UNNAMED --add-opens=java.base/java.lang=ALL-UNNAMED --add-opens=java.base/sun.nio.fs=ALL-UNNAMED -Declipse.application=org.eclipse.jdt.ls.core.id1 -Dosgi.bundles.defaultStartLevel=4 -Declipse.product=org.eclipse.jdt.ls.core.product -Djava.import.generatesMetadataFilesAtProjectRoot=false -DDetectVMInstallationsJob.disabled=true -Dfile.encoding=utf8 -XX:+UseParallelGC -XX:GCTimeRatio=4 -XX:AdaptiveSizePolicyWeight=90 -Dsun.zip.disableMemoryMapping=true -Xmx2G -Xms100m -Xlog:disable -javaagent:c:\Users\Asus\.vscode\extensions\redhat.java-1.53.0-win32-x64\lombok\lombok-1.18.39-4050.jar -XX:+HeapDumpOnOutOfMemoryError -XX:HeapDumpPath=c:\Users\Asus\AppData\Roaming\Code\User\workspaceStorage\df0c87b805ce22f94df7b7e856819e1e\redhat.java -Daether.dependencyCollector.impl=bf 
java_command: c:\Users\Asus\.vscode\extensions\redhat.java-1.53.0-win32-x64\server\plugins\org.eclipse.equinox.launcher_1.7.100.v20251111-0406.jar -configuration c:\Users\Asus\AppData\Roaming\Code\User\globalStorage\redhat.java\1.53.0\config_win -data c:\Users\Asus\AppData\Roaming\Code\User\workspaceStorage\df0c87b805ce22f94df7b7e856819e1e\redhat.java\jdt_ws --pipe=\\.\pipe\lsp-7c22ab6cec4ba1a4458fa59322404546-sock
java_class_path (initial): c:\Users\Asus\.vscode\extensions\redhat.java-1.53.0-win32-x64\server\plugins\org.eclipse.equinox.launcher_1.7.100.v20251111-0406.jar
Launcher Type: SUN_STANDARD

[Global flags]
    uintx AdaptiveSizePolicyWeight                 = 90                                        {product} {command line}
     intx CICompilerCount                          = 12                                        {product} {ergonomic}
    uintx GCTimeRatio                              = 4                                         {product} {command line}
     bool HeapDumpOnOutOfMemoryError               = true                                   {manageable} {command line}
    ccstr HeapDumpPath                             = c:\Users\Asus\AppData\Roaming\Code\User\workspaceStorage\df0c87b805ce22f94df7b7e856819e1e\redhat.java         {manageable} {command line}
   size_t InitialHeapSize                          = 104857600                                 {product} {command line}
   size_t MaxHeapSize                              = 2147483648                                {product} {command line}
   size_t MaxNewSize                               = 715653120                                 {product} {ergonomic}
   size_t MinHeapDeltaBytes                        = 524288                                    {product} {ergonomic}
   size_t MinHeapSize                              = 104857600                                 {product} {command line}
   size_t NewSize                                  = 34603008                                  {product} {ergonomic}
    uintx NonNMethodCodeHeapSize                   = 7602480                                {pd product} {ergonomic}
    uintx NonProfiledCodeHeapSize                  = 122027880                              {pd product} {ergonomic}
   size_t OldSize                                  = 70254592                                  {product} {ergonomic}
    uintx ProfiledCodeHeapSize                     = 122027880                              {pd product} {ergonomic}
    uintx ReservedCodeCacheSize                    = 251658240                              {pd product} {ergonomic}
     bool SegmentedCodeCache                       = true                                      {product} {ergonomic}
   size_t SoftMaxHeapSize                          = 2147483648                             {manageable} {ergonomic}
     bool UseCompressedOops                        = true                           {product lp64_product} {ergonomic}
     bool UseLargePagesIndividualAllocation        = false                                  {pd product} {ergonomic}
     bool UseParallelGC                            = true                                      {product} {command line}

Logging:
Log output configuration:
 #0: stdout all=off uptime,level,tags foldmultilines=false
 #1: stderr all=off uptime,level,tags foldmultilines=false

Release file:
JAVA_VERSION="21.0.10" 
MODULES="java.base java.compiler java.datatransfer java.xml java.prefs java.desktop java.instrument java.logging java.management java.security.sasl java.naming java.rmi java.management.rmi java.net.http java.scripting java.security.jgss java.transaction.xa java.sql java.sql.rowset java.xml.crypto java.se java.smartcardio jdk.accessibility jdk.internal.jvmstat jdk.attach jdk.charsets jdk.internal.opt jdk.zipfs jdk.compiler jdk.crypto.ec jdk.crypto.cryptoki jdk.crypto.mscapi jdk.dynalink jdk.internal.ed jdk.editpad jdk.hotspot.agent jdk.httpserver jdk.internal.le jdk.internal.vm.ci jdk.internal.vm.compiler jdk.internal.vm.compiler.management jdk.jartool jdk.javadoc jdk.jcmd jdk.management jdk.management.agent jdk.jconsole jdk.jdeps jdk.jdwp.agent jdk.jdi jdk.jfr jdk.jshell jdk.jsobject jdk.jstatd jdk.localedata jdk.management.jfr jdk.naming.dns jdk.naming.rmi jdk.net jdk.nio.mapmode jdk.random jdk.sctp jdk.security.auth jdk.security.jgss jdk.unsupported jdk.unsupported.desktop jdk.xml.dom" 

Environment Variables:
JAVA_HOME=C:\Program Files\Eclipse Adoptium\jdk-17.0.18.8-hotspot
PATH=C:\Program Files\Eclipse Adoptium\jdk-17.0.18.8-hotspot\bin;C:\Program Files\Amazon Corretto\jdk1.8.0_472\bin;C:\WINDOWS\system32;C:\WINDOWS;C:\WINDOWS\System32\Wbem;C:\WINDOWS\System32\WindowsPowerShell\v1.0\;C:\WINDOWS\System32\OpenSSH\;C:\Program Files\Git\cmd;C:\Program Files\dotnet\;C:\Program Files (x86)\Microsoft SQL Server\170\Tools\Binn\;C:\Program Files\Microsoft SQL Server\170\Tools\Binn\;C:\Program Files\Microsoft SQL Server\Client SDK\ODBC\180\Tools\Binn\;C:\Program Files\Microsoft SQL Server\170\DTS\Binn\;;C:\Program Files\Amazon Corretto\jdk1.8.0_472\bin;C:\Program Files\Microsoft SQL Server\Client SDK\ODBC\170\Tools\Binn\;C:\Program Files\Microsoft SQL Server\130\DTS\Binn\;C:\Program Files\Microsoft SQL Server\140\DTS\Binn\;C:\Program Files\Microsoft SQL Server\150\DTS\Binn\;C:\Program Files\Microsoft SQL Server\160\DTS\Binn\;C:\Program Files\cursor\resources\app\bin;C:\Program Files (x86)\Microsoft SQL Server\160\Tools\Binn\;C:\Program Files\Microsoft SQL Server\160\Tools\Binn\;C:\Program Files\Microsoft SQL Server\150\Tools\Binn\;C:\Program Files\nodejs\;C:\Users\Asus\AppData\Local\Programs\Python\Python311\Scripts\;C:\Users\Asus\AppData\Local\Programs\Python\Python311\;C:\Users\Asus\.cargo\bin;C:\Users\Asus\AppData\Local\Programs\Python\Python313\Scripts\;C:\Users\Asus\AppData\Local\Programs\Python\Python313\;C:\Users\Asus\AppData\Local\Programs\Python\Launcher\;C:\Users\Asus\AppData\Local\Microsoft\WindowsApps;C:\Users\Asus\AppData\Local\Programs\Microsoft VS Code\bin;C:\Program Files\R\R-4.4.3\bin;C:\Users\Asus\AppData\Local\GitHubDesktop\bin;D:\Antigravity\bin;C:\Users\Asus\AppData\Roaming\npm
USERNAME=Sisitha
OS=Windows_NT
PROCESSOR_IDENTIFIER=Intel64 Family 6 Model 154 Stepping 3, GenuineIntel
TMP=C:\Users\Asus\AppData\Local\Temp
TEMP=C:\Users\Asus\AppData\Local\Temp




Periodic native trim disabled

---------------  S Y S T E M  ---------------

OS:
 Windows 11 , 64 bit Build 26100 (10.0.26100.7920)
OS uptime: 3 days 15:08 hours
Hyper-V role detected

CPU: total 16 (initial active 16) (8 cores per cpu, 2 threads per core) family 6 model 154 stepping 3 microcode 0x434, cx8, cmov, fxsr, ht, mmx, 3dnowpref, sse, sse2, sse3, ssse3, sse4.1, sse4.2, popcnt, lzcnt, tsc, tscinvbit, avx, avx2, aes, erms, clmul, bmi1, bmi2, adx, sha, fma, vzeroupper, clflush, clflushopt, clwb, hv, serialize, rdtscp, rdpid, fsrm, f16c, cet_ibt, cet_ss
Processor Information for the first 16 processors :
  Max Mhz: 2500, Current Mhz: 2500, Mhz Limit: 2500

Memory: 4k page, system-wide physical 16004M (747M free)
TotalPageFile size 44754M (AvailPageFile size 3M)
current process WorkingSet (physical memory assigned to process): 11M, peak: 1349M
current process commit charge ("private bytes"): 1550M, peak: 1871M

vm_info: OpenJDK 64-Bit Server VM (21.0.10+7-LTS) for windows-amd64 JRE (21.0.10+7-LTS), built on 2026-01-20T00:00:00Z by "admin" with MS VC++ 17.12 (VS2022)

END.
